mode: set
_\C_\Users\Jake\Dropbox\Code\golang\chess\server.go:11.59,22.2 5 0
_\C_\Users\Jake\Dropbox\Code\golang\chess\server.go:24.13,30.2 3 0
_\C_\Users\Jake\Dropbox\Code\golang\chess\eval.go:14.60,22.39 3 0
_\C_\Users\Jake\Dropbox\Code\golang\chess\eval.go:45.2,45.13 1 0
_\C_\Users\Jake\Dropbox\Code\golang\chess\eval.go:22.39,23.23 1 0
_\C_\Users\Jake\Dropbox\Code\golang\chess\eval.go:39.3,39.31 1 0
_\C_\Users\Jake\Dropbox\Code\golang\chess\eval.go:24.3,25.28 1 0
_\C_\Users\Jake\Dropbox\Code\golang\chess\eval.go:26.3,27.29 1 0
_\C_\Users\Jake\Dropbox\Code\golang\chess\eval.go:28.3,29.28 1 0
_\C_\Users\Jake\Dropbox\Code\golang\chess\eval.go:30.3,31.30 1 0
_\C_\Users\Jake\Dropbox\Code\golang\chess\eval.go:32.3,33.30 1 0
_\C_\Users\Jake\Dropbox\Code\golang\chess\eval.go:34.3,35.28 1 0
_\C_\Users\Jake\Dropbox\Code\golang\chess\eval.go:36.3,37.18 1 0
_\C_\Users\Jake\Dropbox\Code\golang\chess\eval.go:39.31,41.4 1 0
_\C_\Users\Jake\Dropbox\Code\golang\chess\eval.go:41.4,43.4 1 0
_\C_\Users\Jake\Dropbox\Code\golang\chess\fen.go:16.32,18.14 1 1
_\C_\Users\Jake\Dropbox\Code\golang\chess\fen.go:19.2,20.12 1 1
_\C_\Users\Jake\Dropbox\Code\golang\chess\fen.go:21.2,22.12 1 1
_\C_\Users\Jake\Dropbox\Code\golang\chess\fen.go:23.2,24.12 1 1
_\C_\Users\Jake\Dropbox\Code\golang\chess\fen.go:25.2,26.12 1 1
_\C_\Users\Jake\Dropbox\Code\golang\chess\fen.go:27.2,28.12 1 1
_\C_\Users\Jake\Dropbox\Code\golang\chess\fen.go:29.2,30.12 1 1
_\C_\Users\Jake\Dropbox\Code\golang\chess\fen.go:32.2,33.12 1 1
_\C_\Users\Jake\Dropbox\Code\golang\chess\fen.go:34.2,35.12 1 1
_\C_\Users\Jake\Dropbox\Code\golang\chess\fen.go:36.2,37.12 1 1
_\C_\Users\Jake\Dropbox\Code\golang\chess\fen.go:38.2,39.12 1 1
_\C_\Users\Jake\Dropbox\Code\golang\chess\fen.go:40.2,41.12 1 1
_\C_\Users\Jake\Dropbox\Code\golang\chess\fen.go:42.2,43.12 1 1
_\C_\Users\Jake\Dropbox\Code\golang\chess\fen.go:45.2,46.17 1 1
_\C_\Users\Jake\Dropbox\Code\golang\chess\fen.go:50.32,52.15 1 0
_\C_\Users\Jake\Dropbox\Code\golang\chess\fen.go:53.2,54.13 1 0
_\C_\Users\Jake\Dropbox\Code\golang\chess\fen.go:55.2,56.13 1 0
_\C_\Users\Jake\Dropbox\Code\golang\chess\fen.go:57.2,58.13 1 0
_\C_\Users\Jake\Dropbox\Code\golang\chess\fen.go:59.2,60.13 1 0
_\C_\Users\Jake\Dropbox\Code\golang\chess\fen.go:61.2,62.13 1 0
_\C_\Users\Jake\Dropbox\Code\golang\chess\fen.go:63.2,64.13 1 0
_\C_\Users\Jake\Dropbox\Code\golang\chess\fen.go:66.2,67.13 1 0
_\C_\Users\Jake\Dropbox\Code\golang\chess\fen.go:68.2,69.13 1 0
_\C_\Users\Jake\Dropbox\Code\golang\chess\fen.go:70.2,71.13 1 0
_\C_\Users\Jake\Dropbox\Code\golang\chess\fen.go:72.2,73.13 1 0
_\C_\Users\Jake\Dropbox\Code\golang\chess\fen.go:74.2,75.13 1 0
_\C_\Users\Jake\Dropbox\Code\golang\chess\fen.go:76.2,77.13 1 0
_\C_\Users\Jake\Dropbox\Code\golang\chess\fen.go:78.2,79.13 1 0
_\C_\Users\Jake\Dropbox\Code\golang\chess\fen.go:84.35,102.2 14 1
_\C_\Users\Jake\Dropbox\Code\golang\chess\fen.go:107.48,108.25 1 1
_\C_\Users\Jake\Dropbox\Code\golang\chess\fen.go:112.2,115.39 3 1
_\C_\Users\Jake\Dropbox\Code\golang\chess\fen.go:108.25,110.3 1 0
_\C_\Users\Jake\Dropbox\Code\golang\chess\fen.go:118.51,125.2 5 1
_\C_\Users\Jake\Dropbox\Code\golang\chess\fen.go:127.41,128.20 1 1
_\C_\Users\Jake\Dropbox\Code\golang\chess\fen.go:128.20,130.3 1 1
_\C_\Users\Jake\Dropbox\Code\golang\chess\fen.go:130.3,132.3 1 0
_\C_\Users\Jake\Dropbox\Code\golang\chess\fen.go:135.42,140.55 3 1
_\C_\Users\Jake\Dropbox\Code\golang\chess\fen.go:156.2,156.14 1 1
_\C_\Users\Jake\Dropbox\Code\golang\chess\fen.go:140.55,142.32 2 1
_\C_\Users\Jake\Dropbox\Code\golang\chess\fen.go:142.32,144.24 2 1
_\C_\Users\Jake\Dropbox\Code\golang\chess\fen.go:144.24,146.28 2 1
_\C_\Users\Jake\Dropbox\Code\golang\chess\fen.go:146.28,149.6 2 1
_\C_\Users\Jake\Dropbox\Code\golang\chess\fen.go:150.5,153.5 2 1
_\C_\Users\Jake\Dropbox\Code\golang\chess\fen.go:159.45,162.30 3 0
_\C_\Users\Jake\Dropbox\Code\golang\chess\fen.go:190.2,190.17 1 0
_\C_\Users\Jake\Dropbox\Code\golang\chess\fen.go:162.30,164.26 1 0
_\C_\Users\Jake\Dropbox\Code\golang\chess\fen.go:182.3,182.21 1 0
_\C_\Users\Jake\Dropbox\Code\golang\chess\fen.go:186.3,186.13 1 0
_\C_\Users\Jake\Dropbox\Code\golang\chess\fen.go:164.26,166.24 2 0
_\C_\Users\Jake\Dropbox\Code\golang\chess\fen.go:166.24,168.5 1 0
_\C_\Users\Jake\Dropbox\Code\golang\chess\fen.go:168.5,170.23 1 0
_\C_\Users\Jake\Dropbox\Code\golang\chess\fen.go:175.5,178.19 2 0
_\C_\Users\Jake\Dropbox\Code\golang\chess\fen.go:170.23,172.6 1 0
_\C_\Users\Jake\Dropbox\Code\golang\chess\fen.go:182.21,185.4 2 0
_\C_\Users\Jake\Dropbox\Code\golang\chess\fen.go:186.13,188.4 1 0
_\C_\Users\Jake\Dropbox\Code\golang\chess\helpers.go:3.24,4.12 1 0
_\C_\Users\Jake\Dropbox\Code\golang\chess\helpers.go:4.12,6.3 1 0
_\C_\Users\Jake\Dropbox\Code\golang\chess\helpers.go:6.3,8.3 1 0
_\C_\Users\Jake\Dropbox\Code\golang\chess\helpers.go:11.34,12.12 1 0
_\C_\Users\Jake\Dropbox\Code\golang\chess\helpers.go:12.12,14.3 1 0
_\C_\Users\Jake\Dropbox\Code\golang\chess\helpers.go:14.3,16.3 1 0
_\C_\Users\Jake\Dropbox\Code\golang\chess\helpers.go:19.24,20.12 1 0
_\C_\Users\Jake\Dropbox\Code\golang\chess\helpers.go:20.12,22.3 1 0
_\C_\Users\Jake\Dropbox\Code\golang\chess\helpers.go:22.3,24.3 1 0
_\C_\Users\Jake\Dropbox\Code\golang\chess\helpers.go:27.34,28.12 1 0
_\C_\Users\Jake\Dropbox\Code\golang\chess\helpers.go:28.12,30.3 1 0
_\C_\Users\Jake\Dropbox\Code\golang\chess\helpers.go:30.3,32.3 1 0
_\C_\Users\Jake\Dropbox\Code\golang\chess\moves.go:11.51,13.35 2 0
_\C_\Users\Jake\Dropbox\Code\golang\chess\moves.go:31.2,31.14 1 0
_\C_\Users\Jake\Dropbox\Code\golang\chess\moves.go:13.35,14.31 1 0
_\C_\Users\Jake\Dropbox\Code\golang\chess\moves.go:14.31,15.24 1 0
_\C_\Users\Jake\Dropbox\Code\golang\chess\moves.go:16.4,17.49 1 0
_\C_\Users\Jake\Dropbox\Code\golang\chess\moves.go:18.4,19.50 1 0
_\C_\Users\Jake\Dropbox\Code\golang\chess\moves.go:20.4,21.49 1 0
_\C_\Users\Jake\Dropbox\Code\golang\chess\moves.go:22.4,23.51 1 0
_\C_\Users\Jake\Dropbox\Code\golang\chess\moves.go:24.4,25.51 1 0
_\C_\Users\Jake\Dropbox\Code\golang\chess\moves.go:26.4,27.49 1 0
_\C_\Users\Jake\Dropbox\Code\golang\chess\moves.go:34.47,38.28 2 0
_\C_\Users\Jake\Dropbox\Code\golang\chess\moves.go:43.2,54.20 3 0
_\C_\Users\Jake\Dropbox\Code\golang\chess\moves.go:38.28,40.3 1 0
_\C_\Users\Jake\Dropbox\Code\golang\chess\moves.go:40.3,42.3 1 0
_\C_\Users\Jake\Dropbox\Code\golang\chess\moves.go:57.47,59.2 1 0
_\C_\Users\Jake\Dropbox\Code\golang\chess\moves.go:61.46,71.31 6 0
_\C_\Users\Jake\Dropbox\Code\golang\chess\moves.go:86.2,86.14 1 0
_\C_\Users\Jake\Dropbox\Code\golang\chess\moves.go:71.31,72.50 1 0
_\C_\Users\Jake\Dropbox\Code\golang\chess\moves.go:72.50,74.30 2 0
_\C_\Users\Jake\Dropbox\Code\golang\chess\moves.go:74.30,77.5 1 0
_\C_\Users\Jake\Dropbox\Code\golang\chess\moves.go:77.5,79.41 1 0
_\C_\Users\Jake\Dropbox\Code\golang\chess\moves.go:82.5,82.10 1 0
_\C_\Users\Jake\Dropbox\Code\golang\chess\moves.go:79.41,81.6 1 0
_\C_\Users\Jake\Dropbox\Code\golang\chess\moves.go:89.48,100.27 6 0
_\C_\Users\Jake\Dropbox\Code\golang\chess\moves.go:118.2,118.14 1 0
_\C_\Users\Jake\Dropbox\Code\golang\chess\moves.go:100.27,102.27 2 0
_\C_\Users\Jake\Dropbox\Code\golang\chess\moves.go:107.3,107.25 1 0
_\C_\Users\Jake\Dropbox\Code\golang\chess\moves.go:102.27,104.4 1 0
_\C_\Users\Jake\Dropbox\Code\golang\chess\moves.go:104.4,106.4 1 0
_\C_\Users\Jake\Dropbox\Code\golang\chess\moves.go:107.25,108.24 1 0
_\C_\Users\Jake\Dropbox\Code\golang\chess\moves.go:108.24,109.27 1 0
_\C_\Users\Jake\Dropbox\Code\golang\chess\moves.go:109.27,111.68 2 0
_\C_\Users\Jake\Dropbox\Code\golang\chess\moves.go:111.68,113.7 1 0
_\C_\Users\Jake\Dropbox\Code\golang\chess\moves.go:121.46,140.33 6 0
_\C_\Users\Jake\Dropbox\Code\golang\chess\moves.go:155.2,155.14 1 0
_\C_\Users\Jake\Dropbox\Code\golang\chess\moves.go:140.33,141.58 1 0
_\C_\Users\Jake\Dropbox\Code\golang\chess\moves.go:141.58,143.30 2 0
_\C_\Users\Jake\Dropbox\Code\golang\chess\moves.go:143.30,146.5 1 0
_\C_\Users\Jake\Dropbox\Code\golang\chess\moves.go:146.5,148.41 1 0
_\C_\Users\Jake\Dropbox\Code\golang\chess\moves.go:151.5,151.10 1 0
_\C_\Users\Jake\Dropbox\Code\golang\chess\moves.go:148.41,150.6 1 0
_\C_\Users\Jake\Dropbox\Code\golang\chess\moves.go:159.48,174.31 6 0
_\C_\Users\Jake\Dropbox\Code\golang\chess\moves.go:189.2,189.14 1 0
_\C_\Users\Jake\Dropbox\Code\golang\chess\moves.go:174.31,175.50 1 0
_\C_\Users\Jake\Dropbox\Code\golang\chess\moves.go:175.50,177.30 2 0
_\C_\Users\Jake\Dropbox\Code\golang\chess\moves.go:177.30,180.5 1 0
_\C_\Users\Jake\Dropbox\Code\golang\chess\moves.go:180.5,182.41 1 0
_\C_\Users\Jake\Dropbox\Code\golang\chess\moves.go:185.5,185.10 1 0
_\C_\Users\Jake\Dropbox\Code\golang\chess\moves.go:182.41,184.6 1 0
_\C_\Users\Jake\Dropbox\Code\golang\chess\moves.go:192.46,203.23 5 0
_\C_\Users\Jake\Dropbox\Code\golang\chess\moves.go:212.2,212.28 1 0
_\C_\Users\Jake\Dropbox\Code\golang\chess\moves.go:217.2,218.28 2 0
_\C_\Users\Jake\Dropbox\Code\golang\chess\moves.go:225.2,225.49 1 0
_\C_\Users\Jake\Dropbox\Code\golang\chess\moves.go:235.2,235.102 1 0
_\C_\Users\Jake\Dropbox\Code\golang\chess\moves.go:239.2,239.102 1 0
_\C_\Users\Jake\Dropbox\Code\golang\chess\moves.go:243.2,243.14 1 0
_\C_\Users\Jake\Dropbox\Code\golang\chess\moves.go:203.23,206.3 2 0
_\C_\Users\Jake\Dropbox\Code\golang\chess\moves.go:206.3,209.3 2 0
_\C_\Users\Jake\Dropbox\Code\golang\chess\moves.go:212.28,214.3 1 0
_\C_\Users\Jake\Dropbox\Code\golang\chess\moves.go:218.28,220.3 1 0
_\C_\Users\Jake\Dropbox\Code\golang\chess\moves.go:220.3,222.3 1 0
_\C_\Users\Jake\Dropbox\Code\golang\chess\moves.go:225.49,229.73 2 0
_\C_\Users\Jake\Dropbox\Code\golang\chess\moves.go:229.73,231.4 1 0
_\C_\Users\Jake\Dropbox\Code\golang\chess\moves.go:235.102,237.3 1 0
_\C_\Users\Jake\Dropbox\Code\golang\chess\moves.go:239.102,241.3 1 0
_\C_\Users\Jake\Dropbox\Code\golang\chess\position.go:42.32,42.59 1 0
_\C_\Users\Jake\Dropbox\Code\golang\chess\position.go:43.32,43.59 1 0
_\C_\Users\Jake\Dropbox\Code\golang\chess\position.go:45.33,47.2 1 1
_\C_\Users\Jake\Dropbox\Code\golang\chess\position.go:70.36,72.2 1 1
_\C_\Users\Jake\Dropbox\Code\golang\chess\position.go:74.45,76.2 1 1
_\C_\Users\Jake\Dropbox\Code\golang\chess\position.go:78.59,82.25 4 0
_\C_\Users\Jake\Dropbox\Code\golang\chess\position.go:90.2,90.17 1 0
_\C_\Users\Jake\Dropbox\Code\golang\chess\position.go:82.25,85.33 1 0
_\C_\Users\Jake\Dropbox\Code\golang\chess\position.go:85.33,88.4 2 0
